<?xml version="1.0" encoding="UTF-8"?>
<!-- Generated by org.testng.reporters.JUnitReportReporter -->
<testsuite hostname="DESKTOP-FVJO67D" failures="0" tests="3" name="framework.Sample2" time="0.005" errors="0" timestamp="2024-06-25T10:59:46 IST" skipped="0">
  <testcase classname="framework.Sample2" name="C" time="0.002"/>
  <system-out>
    <![CDATA[message]]>
  </system-out>
  <testcase classname="framework.Sample2" name="A" time="0.002"/>
  <system-out>
    <![CDATA[comment]]>
  </system-out>
  <testcase classname="framework.Sample2" name="B" time="0.001"/>
  <system-out>
    <![CDATA[share]]>
  </system-out>
</testsuite> <!-- framework.Sample2 -->
