<?xml version="1.0" encoding="UTF-8"?>
<!-- Generated by org.testng.reporters.JUnitReportReporter -->
<testsuite hostname="DESKTOP-FVJO67D" failures="0" tests="3" name="runner_class.Task_testng" time="27.177" errors="0" timestamp="2024-06-28T10:27:48 IST" skipped="0">
  <testcase classname="runner_class.Task_testng" name="C" time="7.623"/>
  <system-out/>
  <testcase classname="runner_class.Task_testng" name="A" time="8.908"/>
  <system-out/>
  <testcase classname="runner_class.Task_testng" name="B" time="10.646"/>
  <system-out/>
</testsuite> <!-- runner_class.Task_testng -->
