<?xml version="1.0" encoding="UTF-8"?>
<!-- Generated by org.testng.reporters.JUnitReportReporter -->
<testsuite hostname="DESKTOP-FVJO67D" failures="0" tests="1" name="runner_class.Pomm" time="14.260" errors="0" timestamp="2024-07-03T16:58:55 IST" skipped="0">
  <testcase classname="runner_class.Pomm" name="test" time="14.260"/>
  <system-out/>
</testsuite> <!-- runner_class.Pomm -->
