<?xml version="1.0" encoding="UTF-8"?>
<!-- Generated by org.testng.reporters.JUnitReportReporter -->
<testsuite hostname="DESKTOP-FVJO67D" failures="0" tests="1" name="runner_class.pom" time="9.926" errors="0" timestamp="2024-06-29T11:46:17 IST" skipped="0">
  <testcase classname="runner_class.pom" name="test" time="9.926"/>
  <system-out/>
</testsuite> <!-- runner_class.pom -->
