<?xml version="1.0" encoding="UTF-8"?>
<!-- Generated by org.testng.reporters.JUnitReportReporter -->
<testsuite hostname="DESKTOP-FVJO67D" failures="0" tests="1" name="framework.Varification_validation" time="5.968" errors="0" timestamp="2024-06-25T13:14:33 IST" skipped="0">
  <testcase classname="framework.Varification_validation" name="Test" time="5.968"/>
  <system-out/>
</testsuite> <!-- framework.Varification_validation -->
