<?xml version="1.0" encoding="UTF-8"?>
<!-- Generated by org.testng.reporters.JUnitReportReporter -->
<testsuite hostname="DESKTOP-FVJO67D" failures="0" tests="3" name="framework2.Sample3" time="0.023" errors="0" timestamp="2024-06-25T11:09:00 IST" skipped="0">
  <testcase classname="framework2.Sample3" name="C" time="0.004"/>
  <system-out>
    <![CDATA[homepage]]>
  </system-out>
  <testcase classname="framework2.Sample3" name="B" time="0.002"/>
  <system-out>
    <![CDATA[login]]>
  </system-out>
  <testcase classname="framework2.Sample3" name="A" time="0.017"/>
  <system-out>
    <![CDATA[register]]>
  </system-out>
</testsuite> <!-- framework2.Sample3 -->
