<?xml version="1.0" encoding="UTF-8"?>
<!-- Generated by org.testng.reporters.JUnitReportReporter -->
<testsuite hostname="DESKTOP-FVJO67D" failures="0" tests="6" name="framework.Same_script_multi_times" time="0.036" errors="0" timestamp="2024-06-24T12:33:15 IST" skipped="0">
  <testcase classname="framework.Same_script_multi_times" name="B" time="0.002"/>
  <system-out>
    <![CDATA[signup]]>
  </system-out>
  <testcase classname="framework.Same_script_multi_times" name="C" time="0.007"/>
  <system-out>
    <![CDATA[like page]]>
  </system-out>
  <testcase classname="framework.Same_script_multi_times" name="A" time="0.014"/>
  <system-out>
    <![CDATA[login]]>
  </system-out>
  <testcase classname="framework.Same_script_multi_times" name="C" time="0.005"/>
  <system-out>
    <![CDATA[like page]]>
  </system-out>
  <testcase classname="framework.Same_script_multi_times" name="B" time="0.002"/>
  <system-out>
    <![CDATA[signup]]>
  </system-out>
  <testcase classname="framework.Same_script_multi_times" name="C" time="0.006"/>
  <system-out>
    <![CDATA[like page]]>
  </system-out>
</testsuite> <!-- framework.Same_script_multi_times -->
