<?xml version="1.0" encoding="UTF-8"?>
<!-- Generated by org.testng.reporters.JUnitReportReporter -->
<testsuite hostname="DESKTOP-FVJO67D" failures="0" tests="1" name="runner_class.pom1" time="10.156" errors="0" timestamp="2024-06-29T12:07:15 IST" skipped="0">
  <testcase classname="runner_class.pom1" name="test" time="10.156"/>
  <system-out/>
</testsuite> <!-- runner_class.pom1 -->
