<?xml version="1.0" encoding="UTF-8"?>
<!-- Generated by org.testng.reporters.JUnitReportReporter -->
<testsuite hostname="DESKTOP-FVJO67D" failures="0" tests="2" name="framework.Sample" time="0.014" errors="0" timestamp="2024-06-21T15:17:04 IST" skipped="0">
  <testcase classname="framework.Sample" name="test1" time="0.002"/>
  <system-out>
    <![CDATA[my name is king]]>
  </system-out>
  <testcase classname="framework.Sample" name="test" time="0.012"/>
  <system-out>
    <![CDATA[hello world]]>
  </system-out>
</testsuite> <!-- framework.Sample -->
