<?xml version="1.0" encoding="UTF-8"?>
<!-- Generated by org.testng.reporters.JUnitReportReporter -->
<testsuite hostname="DESKTOP-FVJO67D" failures="0" tests="3" name="framework2.Sample4" time="0.019" errors="0" timestamp="2024-06-25T11:09:01 IST" skipped="0">
  <testcase classname="framework2.Sample4" name="B" time="0.004"/>
  <system-out>
    <![CDATA[call]]>
  </system-out>
  <testcase classname="framework2.Sample4" name="A" time="0.006"/>
  <system-out>
    <![CDATA[status]]>
  </system-out>
  <testcase classname="framework2.Sample4" name="C" time="0.009"/>
  <system-out>
    <![CDATA[mute]]>
  </system-out>
</testsuite> <!-- framework2.Sample4 -->
