<?xml version="1.0" encoding="UTF-8"?>
<!-- Generated by org.testng.reporters.JUnitReportReporter -->
<testsuite hostname="DESKTOP-FVJO67D" failures="0" tests="1" name="runner_class.Orange_hrm" time="22.238" errors="0" timestamp="2024-07-04T09:57:54 IST" skipped="0">
  <testcase classname="runner_class.Orange_hrm" name="test" time="22.238"/>
  <system-out/>
</testsuite> <!-- runner_class.Orange_hrm -->
