<?xml version="1.0" encoding="UTF-8"?>
<!-- Generated by org.testng.reporters.JUnitReportReporter -->
<testsuite hostname="DESKTOP-FVJO67D" failures="0" tests="3" name="framework.Sample1" time="0.022" errors="0" timestamp="2024-06-25T10:59:46 IST" skipped="0">
  <testcase classname="framework.Sample1" name="B" time="0.003"/>
  <system-out>
    <![CDATA[login]]>
  </system-out>
  <testcase classname="framework.Sample1" name="A" time="0.013"/>
  <system-out>
    <![CDATA[signup]]>
  </system-out>
  <testcase classname="framework.Sample1" name="C" time="0.006"/>
  <system-out>
    <![CDATA[like page]]>
  </system-out>
</testsuite> <!-- framework.Sample1 -->
