<?xml version="1.0" encoding="UTF-8"?>
<!-- Generated by org.testng.reporters.JUnitReportReporter -->
<testsuite hostname="DESKTOP-FVJO67D" failures="0" tests="3" name="framework3.Sample1" time="0.017" errors="0" timestamp="2024-06-25T11:09:00 IST" skipped="0">
  <testcase classname="framework3.Sample1" name="C" time="0.003"/>
  <system-out>
    <![CDATA[like page]]>
  </system-out>
  <testcase classname="framework3.Sample1" name="A" time="0.004"/>
  <system-out>
    <![CDATA[signup]]>
  </system-out>
  <testcase classname="framework3.Sample1" name="B" time="0.010"/>
  <system-out>
    <![CDATA[login]]>
  </system-out>
</testsuite> <!-- framework3.Sample1 -->
