<?xml version="1.0" encoding="UTF-8"?>
<!-- Generated by org.testng.reporters.JUnitReportReporter -->
<testsuite hostname="DESKTOP-FVJO67D" failures="0" tests="3" name="framework.Arrange_script" time="0.019" errors="0" timestamp="2024-06-25T10:50:02 IST" skipped="0">
  <testcase classname="framework.Arrange_script" name="B" time="0.012"/>
  <system-out>
    <![CDATA[signup]]>
  </system-out>
  <testcase classname="framework.Arrange_script" name="A" time="0.002"/>
  <system-out>
    <![CDATA[login]]>
  </system-out>
  <testcase classname="framework.Arrange_script" name="C" time="0.005"/>
  <system-out>
    <![CDATA[like page]]>
  </system-out>
</testsuite> <!-- framework.Arrange_script -->
